[2024-08-11T09:08:24.185Z] Server started.
[2024-08-11T09:36:54.122Z] Error running Puppeteer: 
[2024-08-11T09:36:56.843Z] Error running Puppeteer: 
[2024-08-11T10:11:17.002Z] Server started.
[2024-08-11T10:18:30.166Z] Error running Puppeteer: Request failed with status code 400
[2024-08-11T10:18:32.760Z] Error running Puppeteer: Request failed with status code 400
[2024-08-11T10:18:33.913Z] Error running Puppeteer: Request failed with status code 400
[2024-08-11T10:18:34.119Z] Error running Puppeteer: Request failed with status code 400
[2024-08-11T10:19:17.226Z] Server started.
[2024-08-11T10:20:00.810Z] Error running Puppeteer: Request failed with status code 400
[2024-08-11T10:20:33.243Z] Server started.
[2024-08-11T10:20:39.904Z] Error running Puppeteer: Request failed with status code 400
[2024-08-11T10:20:51.673Z] Error running Puppeteer: Request failed with status code 400
[2024-08-11T10:29:09.444Z] Error running Puppeteer: Request failed with status code 400
[2024-08-11T10:29:10.655Z] Error running Puppeteer: Request failed with status code 400
[2024-08-11T10:29:10.815Z] Error running Puppeteer: Request failed with status code 400
[2024-08-11T10:29:10.975Z] Error running Puppeteer: Request failed with status code 400
[2024-08-11T10:29:11.192Z] Error running Puppeteer: Request failed with status code 400
[2024-08-11T10:30:22.369Z] Error running Puppeteer: Request failed with status code 400
[2024-08-11T10:30:23.700Z] Error running Puppeteer: Request failed with status code 400
[2024-08-11T10:30:23.868Z] Error running Puppeteer: Request failed with status code 400
[2024-08-11T10:30:24.019Z] Error running Puppeteer: Request failed with status code 400
[2024-08-11T10:30:24.247Z] Error running Puppeteer: Request failed with status code 400
[2024-08-11T11:07:27.457Z] Server started.
[2024-08-11T11:20:42.281Z] Error running Puppeteer: Request failed with status code 400
[2024-08-12T05:05:40.820Z] Error running Puppeteer: Request failed with status code 400
[2024-08-12T05:30:38.635Z] Error running Puppeteer: Request failed with status code 400
[2024-08-12T05:32:59.583Z] Error running Puppeteer: Request failed with status code 400
[2024-08-12T05:33:33.948Z] Error running Puppeteer: Request failed with status code 400
[2024-08-12T05:36:29.128Z] Error running Puppeteer: Request failed with status code 400
[2024-08-12T06:37:09.793Z] Error running Puppeteer: Request failed with status code 404
[2024-08-12T06:40:43.612Z] Data fetched from API successfully.
[2024-08-12T06:40:44.096Z] Error running Puppeteer: Could not find Chrome (ver. 127.0.6533.88). This can occur if either
 1. you did not perform an installation before running the script (e.g. `npx puppeteer browsers install chrome`) or
 2. your cache path is incorrectly configured (which is: C:\Users\admin\.cache\puppeteer).
For (2), check out our guide on configuring puppeteer at https://pptr.dev/guides/configuration.
[2024-08-12T06:41:47.621Z] Data fetched from API successfully.
[2024-08-12T06:41:47.630Z] Error running Puppeteer: Could not find Chrome (ver. 127.0.6533.88). This can occur if either
 1. you did not perform an installation before running the script (e.g. `npx puppeteer browsers install chrome`) or
 2. your cache path is incorrectly configured (which is: C:\Users\admin\.cache\puppeteer).
For (2), check out our guide on configuring puppeteer at https://pptr.dev/guides/configuration.
[2024-08-12T06:44:03.891Z] Data fetched from API successfully.
[2024-08-12T06:44:19.725Z] Login page loaded.
[2024-08-12T06:44:29.804Z] Login successful.
[2024-08-12T06:44:29.836Z] Adding name failed: Couldn't find name field or submit button
[2024-08-12T06:45:29.861Z] Error running Puppeteer: Waiting for selector `.page-6.app-EFILING` failed: Waiting failed: 60000ms exceeded
[2024-08-12T08:17:03.377Z] Data fetched from API successfully.
[2024-08-12T08:17:23.509Z] Login page loaded.
[2024-08-12T08:17:30.050Z] Login successful.
[2024-08-12T08:17:59.394Z] Name added and continue button clicked.
[2024-08-12T08:18:30.205Z] Filling the next page failed: Navigating frame was detached
[2024-08-12T08:18:30.229Z] Error running Puppeteer: Attempted to use detached Frame 'CA9345A037CFD45B7663CDEE3A33FB6A'.
[2024-08-12T08:40:58.137Z] Error running Puppeteer: Request failed with status code 500
[2024-08-12T08:42:10.090Z] Data fetched from API successfully.
[2024-08-12T08:42:24.986Z] Login page loaded.
[2024-08-12T08:42:33.598Z] Login successful.
[2024-08-12T08:43:03.193Z] Name added and continue button clicked.
[2024-08-12T08:45:03.239Z] Filling the next page failed: Navigation timeout of 120000 ms exceeded
[2024-08-12T08:46:03.295Z] Error running Puppeteer: Waiting for selector `.page-6.app-EFILING` failed: Waiting failed: 60000ms exceeded
[2024-08-12T09:30:10.317Z] Error running Puppeteer: connect ECONNREFUSED 192.168.1.31:3001
[2024-08-12T09:30:42.918Z] Error running Puppeteer: connect ECONNREFUSED 192.168.1.31:3001
[2024-08-12T09:30:44.355Z] Error running Puppeteer: connect ECONNREFUSED 192.168.1.31:3001
[2024-08-12T09:31:23.099Z] Error running Puppeteer: connect ECONNREFUSED 192.168.1.31:3001
[2024-08-12T09:39:59.474Z] Error running Puppeteer: connect ECONNREFUSED 192.168.1.31:3001
[2024-08-12T09:43:12.693Z] Error running Puppeteer: connect ECONNREFUSED 192.168.1.31:3001
[2024-08-12T09:44:24.099Z] Error running Puppeteer: connect ECONNREFUSED 192.168.1.31:3001
[2024-08-12T09:44:30.936Z] Error running Puppeteer: connect ECONNREFUSED 192.168.1.31:3001
[2024-08-12T09:48:05.923Z] Data fetched from API successfully.
[2024-08-12T09:48:20.371Z] Login page loaded.
[2024-08-12T09:48:27.296Z] Login successful.
[2024-08-12T09:48:53.977Z] Name added and continue button clicked.
[2024-08-12T09:50:54.019Z] Filling the next page failed: Navigation timeout of 120000 ms exceeded
[2024-08-12T09:51:54.045Z] Error running Puppeteer: Waiting for selector `.page-6.app-EFILING` failed: Waiting failed: 60000ms exceeded
[2024-08-12T09:59:30.198Z] Error running Puppeteer: connect ECONNREFUSED 192.168.1.31:3001
[2024-08-12T11:34:26.397Z] Data fetched from API successfully.
[2024-08-12T11:34:41.784Z] Login page loaded.
[2024-08-12T11:34:49.081Z] Login successful.
[2024-08-12T11:35:18.167Z] Name added and continue button clicked.
[2024-08-12T11:35:36.033Z] Filling the next page failed: Navigating frame was detached
[2024-08-12T11:35:36.055Z] Error running Puppeteer: Attempted to use detached Frame 'FCA5342DFD93D6F39789EDA22C06BBBC'.
[2024-08-21T04:03:32.538Z] Data fetched from API successfully.
[2024-08-21T04:03:34.319Z] Error running Puppeteer: ENOENT: no such file or directory, open 'C:\Users\admin\OneDrive\Desktop\extension\screenshots\login-page.png'
[2024-08-21T04:06:59.768Z] Data fetched from API successfully.
[2024-08-21T04:07:14.214Z] Login page loaded.
[2024-08-21T04:07:22.258Z] Login successful.
[2024-08-21T04:07:22.262Z] Login failed: Cannot read properties of null (reading 'click')
[2024-08-21T04:08:42.952Z] Error running Puppeteer: Waiting for selector `.page-6.app-EFILING` failed: Waiting failed: 60000ms exceeded
[2024-08-21T04:10:11.676Z] Data fetched from API successfully.
[2024-08-21T04:10:56.078Z] Login page loaded.
[2024-08-21T04:11:04.801Z] Login successful.
[2024-08-21T04:11:04.808Z] Login failed: Cannot read properties of null (reading 'click')
[2024-08-21T04:11:42.297Z] Name added and continue button clicked.
[2024-08-21T04:11:44.456Z] Next step completed and preview loaded.
[2024-08-21T04:19:17.729Z] Data fetched from API successfully.
[2024-08-21T04:19:32.183Z] Login page loaded.
[2024-08-21T04:19:39.923Z] Login successful.
[2024-08-21T04:19:39.926Z] Login failed: Cannot read properties of null (reading 'click')
[2024-08-21T04:20:13.005Z] Name added and continue button clicked.
[2024-08-21T04:20:14.913Z] Next step completed and preview loaded.
[2024-08-21T04:22:23.991Z] Data fetched from API successfully.
[2024-08-21T04:22:37.486Z] Login page loaded.
[2024-08-21T04:22:43.274Z] Login successful.
[2024-08-21T04:22:43.277Z] Login failed: Cannot read properties of null (reading 'click')
[2024-08-21T04:23:15.477Z] Name added and continue button clicked.
[2024-08-21T04:23:17.042Z] Next step completed and preview loaded.
[2024-08-21T04:37:06.673Z] Data fetched from API successfully.
[2024-08-21T04:37:24.705Z] Login page loaded.
[2024-08-21T04:37:31.866Z] Login successful.
[2024-08-21T04:37:31.871Z] Login failed: Cannot read properties of null (reading 'click')
[2024-08-21T04:38:04.882Z] Name added and continue button clicked.
[2024-08-21T04:38:06.607Z] Next step completed and preview loaded.
[2024-08-21T05:04:38.550Z] Data fetched from API successfully.
[2024-08-21T05:04:54.084Z] Login page loaded.
[2024-08-21T05:05:01.978Z] Login successful.
[2024-08-21T05:05:01.982Z] Login failed: Cannot read properties of null (reading 'click')
[2024-08-21T05:05:06.335Z] Error running Puppeteer: net::ERR_ABORTED at https://filings.dos.ny.gov/ords/corpanc/r/efiling/1?request=2731683416799&session=2731683416799
[2024-08-21T05:23:38.997Z] Data fetched from API successfully.
[2024-08-21T05:23:54.536Z] Login page loaded.
[2024-08-21T05:24:01.827Z] Login successful.
[2024-08-21T05:24:01.837Z] Login failed: Cannot read properties of null (reading 'click')
[2024-08-21T05:24:42.316Z] Name added and continue button clicked.
[2024-08-21T05:26:12.473Z] Error running Puppeteer: Waiting for selector `.page-6.app-EFILING` failed: Waiting failed: 60000ms exceeded
[2024-08-21T05:33:22.769Z] Data fetched from API successfully.
[2024-08-21T05:33:36.728Z] Login page loaded.
[2024-08-21T05:33:43.827Z] Login successful.
[2024-08-21T05:33:43.833Z] Login failed: Cannot read properties of null (reading 'click')
[2024-08-21T05:34:13.958Z] Name added and continue button clicked.
[2024-08-21T05:34:15.523Z] Next step completed and preview loaded.
[2024-08-21T06:25:17.681Z] Data fetched from API successfully.
[2024-08-21T06:25:33.779Z] Login page loaded.
[2024-08-21T06:25:40.310Z] Login successful.
[2024-08-21T06:25:40.314Z] Login failed: Cannot read properties of null (reading 'click')
[2024-08-21T06:26:23.226Z] Name added and continue button clicked.
[2024-08-21T06:26:24.763Z] Next step completed and preview loaded.
[2024-08-21T07:03:22.171Z] Data fetched from API successfully.
[2024-08-21T07:03:38.546Z] Login page loaded.
[2024-08-21T07:03:45.495Z] Login successful.
[2024-08-21T07:03:45.539Z] Login failed: Cannot read properties of null (reading 'click')
[2024-08-21T07:04:06.773Z] Error running Puppeteer: Attempted to use detached Frame '2F371E0236DE367DDB193233B13CFA13'.
[2024-08-21T07:05:06.164Z] Data fetched from API successfully.
[2024-08-21T07:05:21.176Z] Login page loaded.
[2024-08-21T07:05:28.408Z] Login successful.
[2024-08-21T07:05:28.412Z] Login failed: Cannot read properties of null (reading 'click')
[2024-08-21T07:05:57.604Z] Name added and continue button clicked.
[2024-08-21T07:06:01.880Z] Data fetched from API successfully.
[2024-08-21T07:06:15.190Z] Login page loaded.
[2024-08-21T07:06:22.230Z] Login successful.
[2024-08-21T07:06:22.233Z] Login failed: Cannot read properties of null (reading 'click')
[2024-08-21T07:06:49.169Z] Name added and continue button clicked.
[2024-08-21T07:06:57.922Z] Error running Puppeteer: Waiting for selector `.page-6.app-EFILING` failed: Waiting failed: 60000ms exceeded
[2024-08-21T07:07:13.382Z] Next step completed and preview loaded.
[2024-08-22T08:48:17.242Z] Data fetched from API successfully.
[2024-08-22T08:48:31.283Z] Login page loaded.
[2024-08-22T08:48:37.615Z] Login successful.
[2024-08-22T08:48:37.628Z] Login failed: Cannot read properties of null (reading 'click')
[2024-08-22T08:49:04.346Z] Name added and continue button clicked.
[2024-08-22T08:49:05.835Z] Next step completed and preview loaded.
[2024-08-22T08:50:58.722Z] Data fetched from API successfully.
[2024-08-22T08:51:01.413Z] Error running Puppeteer: Attempted to use detached Frame '6C9A50DD3A648E978B0562D20D6928DB'.
